<?xml version="1.0" encoding="UTF-8"?>
<!-- Generated by org.testng.reporters.JUnitXMLReporter -->
<testsuite hostname="netstorm-TECRA-C50-C" ignored="0" name="Smoke DDR Test" tests="18" failures="0" timestamp="03 May 2018 18:09:28 GMT" time="171.54" errors="0">
  <testcase name="@BeforeMethod setUp" time="29.361" classname="com.cavisson.ddr.testcases.NetstormEDPageTest">
    <failure type="org.openqa.selenium.NoSuchElementException" message="no such element: Unable to locate element: {&amp;quot;method&amp;quot;:&amp;quot;xpath&amp;quot;,&amp;quot;selector&amp;quot;:&amp;quot;//span[contains(text(), &amp;apos;Data is not available in selected Time Period.&amp;apos;)]&amp;quot;}
  (Session info: chrome=63.0.3239.132)
  (Driver info: chromedriver=2.35.528139 (47ead77cb35ad2a9a83248b292151462a66cd881),platform=Linux 4.4.0-78-cavisson x86_64) (WARNING: The server did not provide any stacktrace information)
Command duration or timeout: 0 milliseconds
For documentation on this error, please visit: http://seleniumhq.org/exceptions/no_such_element.html
Build info: version: &amp;apos;3.8.1&amp;apos;, revision: &amp;apos;6e95a6684b&amp;apos;, time: &amp;apos;2017-12-01T18:33:54.468Z&amp;apos;
System info: host: &amp;apos;netstorm-TECRA-C50-C&amp;apos;, ip: &amp;apos;127.0.1.1&amp;apos;, os.name: &amp;apos;Linux&amp;apos;, os.arch: &amp;apos;amd64&amp;apos;, os.version: &amp;apos;4.4.0-78-cavisson&amp;apos;, java.version: &amp;apos;1.8.0_121&amp;apos;
Driver info: org.openqa.selenium.chrome.ChromeDriver
Capabilities {acceptInsecureCerts: false, acceptSslCerts: false, applicationCacheEnabled: false, browserConnectionEnabled: false, browserName: chrome, chrome: {chromedriverVersion: 2.35.528139 (47ead77cb35ad2..., userDataDir: /tmp/.org.chromium.Chromium...}, cssSelectorsEnabled: true, databaseEnabled: false, handlesAlerts: true, hasTouchScreen: false, javascriptEnabled: true, locationContextEnabled: true, mobileEmulationEnabled: false, nativeEvents: true, networkConnectionEnabled: false, pageLoadStrategy: normal, platform: LINUX, platformName: LINUX, rotatable: false, setWindowRect: true, takesHeapSnapshot: true, takesScreenshot: true, unexpectedAlertBehaviour: , unhandledPromptBehavior: , version: 63.0.3239.132, webStorageEnabled: true}
Session ID: d09db2b63f9e1978fa629e718bb5d38e
*** Element info: {Using=xpath, value=//span[contains(text(), &amp;apos;Data is not available in selected Time Period.&amp;apos;)]}">
      <![CDATA[org.openqa.selenium.NoSuchElementException: no such element: Unable to locate element: {"method":"xpath","selector":"//span[contains(text(), 'Data is not available in selected Time Period.')]"}  (Session info: chrome=63.0.3239.132)  (Driver info: chromedriver=2.35.528139 (47ead77cb35ad2a9a83248b292151462a66cd881),platform=Linux 4.4.0-78-cavisson x86_64) (WARNING: The server did not provide any stacktrace information)Command duration or timeout: 0 millisecondsFor documentation on this error, please visit: http://seleniumhq.org/exceptions/no_such_element.htmlBuild info: version: '3.8.1', revision: '6e95a6684b', time: '2017-12-01T18:33:54.468Z'System info: host: 'netstorm-TECRA-C50-C', ip: '127.0.1.1', os.name: 'Linux', os.arch: 'amd64', os.version: '4.4.0-78-cavisson', java.version: '1.8.0_121'Driver info: org.openqa.selenium.chrome.ChromeDriverCapabilities {acceptInsecureCerts: false, acceptSslCerts: false, applicationCacheEnabled: false, browserConnectionEnabled: false, browserName: chrome, chrome: {chromedriverVersion: 2.35.528139 (47ead77cb35ad2..., userDataDir: /tmp/.org.chromium.Chromium...}, cssSelectorsEnabled: true, databaseEnabled: false, handlesAlerts: true, hasTouchScreen: false, javascriptEnabled: true, locationContextEnabled: true, mobileEmulationEnabled: false, nativeEvents: true, networkConnectionEnabled: false, pageLoadStrategy: normal, platform: LINUX, platformName: LINUX, rotatable: false, setWindowRect: true, takesHeapSnapshot: true, takesScreenshot: true, unexpectedAlertBehaviour: , unhandledPromptBehavior: , version: 63.0.3239.132, webStorageEnabled: true}Session ID: d09db2b63f9e1978fa629e718bb5d38e*** Element info: {Using=xpath, value=//span[contains(text(), 'Data is not available in selected Time Period.')]}at org.openqa.selenium.remote.ErrorHandler.createThrowable(ErrorHandler.java:214)at org.openqa.selenium.remote.ErrorHandler.throwIfResponseFailed(ErrorHandler.java:166)at org.openqa.selenium.remote.http.JsonHttpResponseCodec.reconstructValue(JsonHttpResponseCodec.java:40)at org.openqa.selenium.remote.http.AbstractHttpResponseCodec.decode(AbstractHttpResponseCodec.java:80)at org.openqa.selenium.remote.http.AbstractHttpResponseCodec.decode(AbstractHttpResponseCodec.java:44)at org.openqa.selenium.remote.HttpCommandExecutor.execute(HttpCommandExecutor.java:164)at org.openqa.selenium.remote.service.DriverCommandExecutor.execute(DriverCommandExecutor.java:83)at org.openqa.selenium.remote.RemoteWebDriver.execute(RemoteWebDriver.java:601)at org.openqa.selenium.remote.RemoteWebDriver.findElement(RemoteWebDriver.java:371)at org.openqa.selenium.remote.RemoteWebDriver.findElementByXPath(RemoteWebDriver.java:473)at org.openqa.selenium.By$ByXPath.findElement(By.java:361)at org.openqa.selenium.remote.RemoteWebDriver.findElement(RemoteWebDriver.java:363)at org.openqa.selenium.support.pagefactory.DefaultElementLocator.findElement(DefaultElementLocator.java:69)at org.openqa.selenium.support.pagefactory.internal.LocatingElementHandler.invoke(LocatingElementHandler.java:38)at com.sun.proxy.$Proxy9.isDisplayed(Unknown Source)at com.cavisson.ddr.pages.NetstormHomePage.clickOnSessionLink(NetstormHomePage.java:102)at com.cavisson.ddr.testcases.NetstormEDPageTest.setUp(NetstormEDPageTest.java:50)... Removed 32 stack frames]]>
    </failure>
  </testcase> <!-- @BeforeMethod setUp -->
  <testcase name="@AfterMethod tearDown" time="0.0" classname="com.cavisson.ddr.testcases.NetstormEDPageTest">
    <skipped/>
  </testcase> <!-- @AfterMethod tearDown -->
  <testcase name="@BeforeMethod setUp" time="0.002" classname="com.cavisson.ddr.testcases.NetstormHomePageTest">
    <failure type="java.lang.RuntimeException" message="Unable to find a free port">
      <![CDATA[java.lang.RuntimeException: Unable to find a free portat org.openqa.selenium.net.PortProber.findFreePort(PortProber.java:67)at org.openqa.selenium.remote.service.DriverService$Builder.build(DriverService.java:335)at org.openqa.selenium.chrome.ChromeDriverService.createDefaultService(ChromeDriverService.java:88)at org.openqa.selenium.chrome.ChromeDriver.<init>(ChromeDriver.java:123)at com.cavisson.ddr.base.TestBase.initialized(TestBase.java:69)at com.cavisson.ddr.testcases.NetstormHomePageTest.setUp(NetstormHomePageTest.java:33)... Removed 28 stack frames]]>
    </failure>
  </testcase> <!-- @BeforeMethod setUp -->
  <testcase name="@AfterMethod tearDown" time="0.0" classname="com.cavisson.ddr.testcases.NetstormHomePageTest">
    <skipped/>
  </testcase> <!-- @AfterMethod tearDown -->
  <testcase name="@BeforeMethod setUp" time="0.0" classname="com.cavisson.ddr.testcases.NetstormEDPageTest">
    <skipped/>
  </testcase> <!-- @BeforeMethod setUp -->
  <testcase name="@AfterMethod tearDown" time="0.0" classname="com.cavisson.ddr.testcases.NetstormEDPageTest">
    <skipped/>
  </testcase> <!-- @AfterMethod tearDown -->
  <testcase name="@BeforeMethod setUp" time="0.0" classname="com.cavisson.ddr.testcases.NetstormEDPageTest">
    <skipped/>
  </testcase> <!-- @BeforeMethod setUp -->
  <testcase name="@AfterMethod tearDown" time="0.0" classname="com.cavisson.ddr.testcases.NetstormEDPageTest">
    <skipped/>
  </testcase> <!-- @AfterMethod tearDown -->
  <testcase name="@BeforeMethod setUp" time="0.0" classname="com.cavisson.ddr.testcases.NetstormEDPageTest">
    <skipped/>
  </testcase> <!-- @BeforeMethod setUp -->
  <testcase name="@AfterMethod tearDown" time="0.0" classname="com.cavisson.ddr.testcases.NetstormEDPageTest">
    <skipped/>
  </testcase> <!-- @AfterMethod tearDown -->
  <testcase name="@BeforeMethod setUp" time="0.0" classname="com.cavisson.ddr.testcases.NetstormEDPageTest">
    <skipped/>
  </testcase> <!-- @BeforeMethod setUp -->
  <testcase name="@AfterMethod tearDown" time="0.0" classname="com.cavisson.ddr.testcases.NetstormEDPageTest">
    <skipped/>
  </testcase> <!-- @AfterMethod tearDown -->
  <testcase name="@BeforeMethod setUp" time="0.0" classname="com.cavisson.ddr.testcases.NetstormEDPageTest">
    <skipped/>
  </testcase> <!-- @BeforeMethod setUp -->
  <testcase name="@AfterMethod tearDown" time="0.0" classname="com.cavisson.ddr.testcases.NetstormEDPageTest">
    <skipped/>
  </testcase> <!-- @AfterMethod tearDown -->
  <testcase name="@BeforeMethod setUp" time="0.0" classname="com.cavisson.ddr.testcases.NetstormEDPageTest">
    <skipped/>
  </testcase> <!-- @BeforeMethod setUp -->
  <testcase name="@AfterMethod tearDown" time="0.0" classname="com.cavisson.ddr.testcases.NetstormEDPageTest">
    <skipped/>
  </testcase> <!-- @AfterMethod tearDown -->
  <testcase name="@BeforeMethod setUp" time="0.0" classname="com.cavisson.ddr.testcases.NetstormEDPageTest">
    <skipped/>
  </testcase> <!-- @BeforeMethod setUp -->
  <testcase name="@AfterMethod tearDown" time="0.0" classname="com.cavisson.ddr.testcases.NetstormEDPageTest">
    <skipped/>
  </testcase> <!-- @AfterMethod tearDown -->
  <testcase name="@BeforeMethod setUp" time="0.0" classname="com.cavisson.ddr.testcases.NetstormEDPageTest">
    <skipped/>
  </testcase> <!-- @BeforeMethod setUp -->
  <testcase name="@AfterMethod tearDown" time="0.0" classname="com.cavisson.ddr.testcases.NetstormEDPageTest">
    <skipped/>
  </testcase> <!-- @AfterMethod tearDown -->
  <testcase name="@BeforeMethod setUp" time="0.0" classname="com.cavisson.ddr.testcases.NetstormEDPageTest">
    <skipped/>
  </testcase> <!-- @BeforeMethod setUp -->
  <testcase name="@AfterMethod tearDown" time="0.0" classname="com.cavisson.ddr.testcases.NetstormEDPageTest">
    <skipped/>
  </testcase> <!-- @AfterMethod tearDown -->
  <testcase name="loginNetstormTitletest" time="0.04" classname="com.cavisson.ddr.testcases.NetstormLoginTest"/>
  <testcase name="validateNetstormHomeTest" time="13.309" classname="com.cavisson.ddr.testcases.NetstormHomePageTest"/>
  <testcase name="validateSessionPageTest" time="0.088" classname="com.cavisson.ddr.testcases.NetstormSessionPageTest"/>
  <testcase name="validateEDPageTest" time="3.529" classname="com.cavisson.ddr.testcases.NetstormEDPageTest"/>
  <testcase name="loginNetstormTest" time="0.964" classname="com.cavisson.ddr.testcases.NetstormLoginTest"/>
  <testcase name="validateNetstormReleaseTest" time="13.248" classname="com.cavisson.ddr.testcases.NetstormHomePageTest"/>
  <testcase name="clickonEDLinkTest" time="4.042" classname="com.cavisson.ddr.testcases.NetstormSessionPageTest"/>
  <testcase name="validateShowDashboardTest" time="0.0" classname="com.cavisson.ddr.testcases.NetstormEDPageTest">
    <skipped/>
  </testcase> <!-- validateShowDashboardTest -->
  <testcase name="clickonSessionTest" time="0.0" classname="com.cavisson.ddr.testcases.NetstormHomePageTest">
    <skipped/>
  </testcase> <!-- clickonSessionTest -->
  <testcase name="validateTierInfoTest" time="0.0" classname="com.cavisson.ddr.testcases.NetstormEDPageTest">
    <skipped/>
  </testcase> <!-- validateTierInfoTest -->
  <testcase name="overviewInTierInfoTest" time="0.0" classname="com.cavisson.ddr.testcases.NetstormEDPageTest">
    <skipped/>
  </testcase> <!-- overviewInTierInfoTest -->
  <testcase name="healthInTierInfoTest" time="0.0" classname="com.cavisson.ddr.testcases.NetstormEDPageTest">
    <skipped/>
  </testcase> <!-- healthInTierInfoTest -->
  <testcase name="tpsPopUpLabelTest" time="0.0" classname="com.cavisson.ddr.testcases.NetstormEDPageTest">
    <skipped/>
  </testcase> <!-- tpsPopUpLabelTest -->
  <testcase name="validateBtShowingInTpsTest" time="0.0" classname="com.cavisson.ddr.testcases.NetstormEDPageTest">
    <skipped/>
  </testcase> <!-- validateBtShowingInTpsTest -->
  <testcase name="responsePopUpLabelTest" time="0.0" classname="com.cavisson.ddr.testcases.NetstormEDPageTest">
    <skipped/>
  </testcase> <!-- responsePopUpLabelTest -->
  <testcase name="validateBtShowingInResponseTest" time="0.0" classname="com.cavisson.ddr.testcases.NetstormEDPageTest">
    <skipped/>
  </testcase> <!-- validateBtShowingInResponseTest -->
  <testcase name="showFlowPathForSelectedTierTest" time="0.0" classname="com.cavisson.ddr.testcases.NetstormEDPageTest">
    <skipped/>
  </testcase> <!-- showFlowPathForSelectedTierTest -->
  <testcase name="validateFPReportByTierRightClickTest" time="0.0" classname="com.cavisson.ddr.testcases.NetstormEDPageTest">
    <skipped/>
  </testcase> <!-- validateFPReportByTierRightClickTest -->
</testsuite> <!-- Smoke DDR Test -->
